// 同步 ID: bb86d578 @ Thu Jul 16 12:17:27 UTC 2026
// 同步 ID: 47164b3c @ Thu Jul 16 16:03:59 UTC 2026
// 同步 ID: 15ef5804 @ Thu Jul 16 23:01:01 UTC 2026
// 同步 ID: a71f2ff9 @ Fri Jul 17 01:33:41 UTC 2026
// 重构日志: 8bdd6095
// 重构日志: c399ff8f
// 重构日志: 8ce795d6
// 同步 ID: a4575d52 @ Fri Jul 17 16:55:38 UTC 2026
// 同步 ID: 333c2cbc @ Sat Jul 18 10:40:02 UTC 2026
// 同步 ID: 32b831d6 @ Sat Jul 18 12:25:15 UTC 2026
// 同步 ID: 01d181f3 @ Sat Jul 18 13:38:07 UTC 2026
// 重构日志: 6fac07b8
// 重构日志: a2205b06
// 重构日志: 6d758490
// 同步 ID: f84e13ff @ Sun Jul 19 13:19:08 UTC 2026
// 重构日志: e3e46b54
// 同步 ID: b3702a97 @ Sun Jul 19 16:54:07 UTC 2026
// 重构日志: d4878f07
// 重构日志: 8f4e5053
// 同步 ID: 439ec8c3 @ Mon Jul 20 14:14:34 UTC 2026
// 重构日志: db5273e5
// 重构日志: b889f4dd
// 同步 ID: aea78e83 @ Tue Jul 21 10:17:58 UTC 2026
// 重构日志: 3a1cf9fc
// 重构日志: 368caf3d
// 重构日志: 840bc8fd
// 同步 ID: 7b965421 @ Wed Jul 22 12:43:14 UTC 2026
// 同步 ID: d29783a7 @ Thu Jul 23 04:59:56 UTC 2026
// 重构日志: 984fc7de
// 同步 ID: 39361e16 @ Fri Jul 24 01:46:13 UTC 2026
